<?xml version="1.0" encoding="UTF-8"?>
<!-- Generated by org.testng.reporters.JUnitReportReporter -->
<testsuite skipped="0" hostname="DDT" name="TestClasses.LoginTest" tests="1" failures="0" timestamp="21 Mar 2020 09:33:16 GMT" time="11.845" errors="0">
  <testcase name="testLogin" time="11.845" classname="TestClasses.LoginTest"/>
</testsuite> <!-- TestClasses.LoginTest -->
